[debug] [2026-01-13T10:46:14.019Z] ----------------------------------------------------------------------
[debug] [2026-01-13T10:46:14.021Z] Command:       C:\Program Files\nodejs\node.exe C:\Users\DAW1\AppData\Roaming\npm\node_modules\firebase-tools\lib\bin\firebase.js init
[debug] [2026-01-13T10:46:14.021Z] CLI Version:   15.2.1
[debug] [2026-01-13T10:46:14.021Z] Platform:      win32
[debug] [2026-01-13T10:46:14.021Z] Node Version:  v22.18.0
[debug] [2026-01-13T10:46:14.022Z] Time:          Tue Jan 13 2026 11:46:14 GMT+0100 (hora estándar de Europa central)
[debug] [2026-01-13T10:46:14.022Z] ----------------------------------------------------------------------
[debug] 
[info] 
     ######## #### ########  ######## ########     ###     ######  ########
     ##        ##  ##     ## ##       ##     ##  ##   ##  ##       ##
     ######    ##  ########  ######   ########  #########  ######  ######
     ##        ##  ##    ##  ##       ##     ## ##     ##       ## ##
     ##       #### ##     ## ######## ########  ##     ##  ######  ########

You're about to initialize a Firebase project in this directory:

  C:\xampp\htdocs\Cinepuma

Before we get started, keep in mind:

  * You are currently outside your home directory

[info] 
=== Project Setup
[info] 
[info] First, let's associate this project directory with a Firebase project.
[info] You can create multiple project aliases by running firebase use --add, 
[info] 
[info] i  If you want to create a project in a Google Cloud organization or folder, please use "firebase projects:create" instead, and return to this command when you've created the project. 
[debug] [2026-01-13T10:46:37.324Z] > command requires scopes: ["email","openid","https://www.googleapis.com/auth/cloudplatformprojects.readonly","https://www.googleapis.com/auth/firebase","https://www.googleapis.com/auth/cloud-platform"]
[debug] [2026-01-13T10:46:37.325Z] > authorizing via signed-in user (javierparreno.24@campuscamara.es)
[debug] [2026-01-13T10:47:21.659Z] Checked if tokens are valid: true, expires at: 1768304687233
[debug] [2026-01-13T10:47:21.659Z] Checked if tokens are valid: true, expires at: 1768304687233
[debug] [2026-01-13T10:47:21.662Z] >>> [apiv2][query] POST https://firebase.googleapis.com/v1/projects:checkProjectId [none]
[debug] [2026-01-13T10:47:21.662Z] >>> [apiv2][body] POST https://firebase.googleapis.com/v1/projects:checkProjectId {"proposedId":"cinepuma:ff"}
[debug] [2026-01-13T10:47:21.933Z] <<< [apiv2][status] POST https://firebase.googleapis.com/v1/projects:checkProjectId 400
[debug] [2026-01-13T10:47:21.933Z] <<< [apiv2][body] POST https://firebase.googleapis.com/v1/projects:checkProjectId {"error":{"code":400,"message":"Request contains an invalid argument.","status":"INVALID_ARGUMENT"}}
[debug] [2026-01-13T10:47:21.933Z] Couldn't check if project ID cinepuma:ff is available. Original error: FirebaseError: Failed to check if project ID is available. See firebase-debug.log for more info.
[debug] [2026-01-13T10:47:29.007Z] Checked if tokens are valid: true, expires at: 1768304687233
[debug] [2026-01-13T10:47:29.007Z] Checked if tokens are valid: true, expires at: 1768304687233
[debug] [2026-01-13T10:47:29.007Z] >>> [apiv2][query] POST https://cloudresourcemanager.googleapis.com/v1/projects [none]
[debug] [2026-01-13T10:47:29.007Z] >>> [apiv2][body] POST https://cloudresourcemanager.googleapis.com/v1/projects {"projectId":"cinepuma:ff","name":"Cinepuma"}
[debug] [2026-01-13T10:47:29.308Z] <<< [apiv2][status] POST https://cloudresourcemanager.googleapis.com/v1/projects 400
[debug] [2026-01-13T10:47:29.308Z] <<< [apiv2][body] POST https://cloudresourcemanager.googleapis.com/v1/projects {"error":{"code":400,"message":"Request contains an invalid argument.","status":"INVALID_ARGUMENT","details":[{"@type":"type.googleapis.com/google.rpc.BadRequest","fieldViolations":[{"field":"project_id","description":"Cannot create domain prefixed projects"},{"field":"project_id","description":"project_id must be at least 6 characters long"}]},{"@type":"type.googleapis.com/google.rpc.Help","links":[{"url":"https://cloud.google.com/resource-manager/reference/rest/v1/projects"}]}]}}
[debug] [2026-01-13T10:47:29.447Z] FirebaseError: Request to https://cloudresourcemanager.googleapis.com/v1/projects had HTTP Error: 400, Request contains an invalid argument.
    at responseToError (C:\Users\DAW1\AppData\Roaming\npm\node_modules\firebase-tools\lib\responseToError.js:53:12)
    at RetryOperation._fn (C:\Users\DAW1\AppData\Roaming\npm\node_modules\firebase-tools\lib\apiv2.js:320:77)
    at process.processTicksAndRejections (node:internal/process/task_queues:105:5)
[error] 
[error] Error: Failed to create project. See firebase-debug.log for more info.
[debug] [2026-01-13T10:48:19.314Z] ----------------------------------------------------------------------
[debug] [2026-01-13T10:48:19.316Z] Command:       C:\Program Files\nodejs\node.exe C:\Users\DAW1\AppData\Roaming\npm\node_modules\firebase-tools\lib\bin\firebase.js init
[debug] [2026-01-13T10:48:19.316Z] CLI Version:   15.2.1
[debug] [2026-01-13T10:48:19.317Z] Platform:      win32
[debug] [2026-01-13T10:48:19.317Z] Node Version:  v22.18.0
[debug] [2026-01-13T10:48:19.317Z] Time:          Tue Jan 13 2026 11:48:19 GMT+0100 (hora estándar de Europa central)
[debug] [2026-01-13T10:48:19.317Z] ----------------------------------------------------------------------
[debug] 
[info] 
     ######## #### ########  ######## ########     ###     ######  ########
     ##        ##  ##     ## ##       ##     ##  ##   ##  ##       ##
     ######    ##  ########  ######   ########  #########  ######  ######
     ##        ##  ##    ##  ##       ##     ## ##     ##       ## ##
     ##       #### ##     ## ######## ########  ##     ##  ######  ########

You're about to initialize a Firebase project in this directory:

  C:\xampp\htdocs\Cinepuma

Before we get started, keep in mind:

  * You are currently outside your home directory

[info] 
=== Project Setup
[info] 
[info] First, let's associate this project directory with a Firebase project.
[info] You can create multiple project aliases by running firebase use --add, 
[info] 
[info] i  If you want to create a project in a Google Cloud organization or folder, please use "firebase projects:create" instead, and return to this command when you've created the project. 
[debug] [2026-01-13T10:48:42.330Z] > command requires scopes: ["email","openid","https://www.googleapis.com/auth/cloudplatformprojects.readonly","https://www.googleapis.com/auth/firebase","https://www.googleapis.com/auth/cloud-platform"]
[debug] [2026-01-13T10:48:42.331Z] > authorizing via signed-in user (javierparreno.24@campuscamara.es)
[debug] [2026-01-13T10:49:01.678Z] Checked if tokens are valid: true, expires at: 1768304687233
[debug] [2026-01-13T10:49:01.678Z] Checked if tokens are valid: true, expires at: 1768304687233
[debug] [2026-01-13T10:49:01.679Z] >>> [apiv2][query] POST https://firebase.googleapis.com/v1/projects:checkProjectId [none]
[debug] [2026-01-13T10:49:01.679Z] >>> [apiv2][body] POST https://firebase.googleapis.com/v1/projects:checkProjectId {"proposedId":"cinepuma-2026"}
[debug] [2026-01-13T10:49:02.075Z] <<< [apiv2][status] POST https://firebase.googleapis.com/v1/projects:checkProjectId 200
[debug] [2026-01-13T10:49:02.075Z] <<< [apiv2][body] POST https://firebase.googleapis.com/v1/projects:checkProjectId {"projectIdStatus":"PROJECT_ID_AVAILABLE","suggestedProjectId":"cinepuma-2026"}
[debug] [2026-01-13T10:49:07.647Z] Checked if tokens are valid: true, expires at: 1768304687233
[debug] [2026-01-13T10:49:07.647Z] Checked if tokens are valid: true, expires at: 1768304687233
[debug] [2026-01-13T10:49:07.647Z] >>> [apiv2][query] POST https://cloudresourcemanager.googleapis.com/v1/projects [none]
[debug] [2026-01-13T10:49:07.647Z] >>> [apiv2][body] POST https://cloudresourcemanager.googleapis.com/v1/projects {"projectId":"cinepuma-2026","name":"Cinepuma"}
[debug] [2026-01-13T10:49:08.376Z] <<< [apiv2][status] POST https://cloudresourcemanager.googleapis.com/v1/projects 400
[debug] [2026-01-13T10:49:08.377Z] <<< [apiv2][body] POST https://cloudresourcemanager.googleapis.com/v1/projects {"error":{"code":400,"message":"Cloud Resource Manager project creation is disabled. Contact your administrator to enable this setting in the Google Cloud Platform service in the Google Workspace Admin console. See https://support.google.com/a/answer/9197205 for more information.","status":"FAILED_PRECONDITION","details":[{"@type":"type.googleapis.com/google.rpc.PreconditionFailure","violations":[{"type":"SERVICE","description":"Cloud Resource Manager project creation is disabled. Contact your administrator to enable this setting in the Google Cloud Platform service in the Google Workspace Admin console. See https://support.google.com/a/answer/9197205 for more information."}]}]}}
[debug] [2026-01-13T10:49:08.481Z] FirebaseError: Request to https://cloudresourcemanager.googleapis.com/v1/projects had HTTP Error: 400, Cloud Resource Manager project creation is disabled. Contact your administrator to enable this setting in the Google Cloud Platform service in the Google Workspace Admin console. See https://support.google.com/a/answer/9197205 for more information.
    at responseToError (C:\Users\DAW1\AppData\Roaming\npm\node_modules\firebase-tools\lib\responseToError.js:53:12)
    at RetryOperation._fn (C:\Users\DAW1\AppData\Roaming\npm\node_modules\firebase-tools\lib\apiv2.js:320:77)
    at process.processTicksAndRejections (node:internal/process/task_queues:105:5)
[error] 
[error] Error: Failed to create project. See firebase-debug.log for more info.
